<?xml version="1.0" encoding="UTF-8"?>
<testng-results ignored="0" total="2" passed="2" failed="0" skipped="0">
  <reporter-output>
  </reporter-output>
  <suite started-at="2024-10-07T13:27:49 IST" name="Suite" finished-at="2024-10-07T13:28:29 IST" duration-ms="40813">
    <groups>
    </groups>
    <test started-at="2024-10-07T13:27:49 IST" name="Test" finished-at="2024-10-07T13:28:29 IST" duration-ms="40813">
      <class name="seleniumproject1.selenium1.TestCase1">
        <test-method is-config="true" signature="launch()[pri:0, instance:seleniumproject1.selenium1.TestCase1@4b8ee4de]" started-at="2024-10-07T13:27:49 IST" name="launch" finished-at="2024-10-07T13:28:02 IST" duration-ms="13042" status="PASS">
          <reporter-output>
          </reporter-output>
        </test-method> <!-- launch -->
        <test-method signature="login_to_amazon()[pri:0, instance:seleniumproject1.selenium1.TestCase1@4b8ee4de]" started-at="2024-10-07T13:28:02 IST" name="login_to_amazon" finished-at="2024-10-07T13:28:06 IST" duration-ms="4224" status="PASS">
          <reporter-output>
          </reporter-output>
        </test-method> <!-- login_to_amazon -->
        <test-method is-config="true" signature="quit()[pri:0, instance:seleniumproject1.selenium1.TestCase1@4b8ee4de]" started-at="2024-10-07T13:28:06 IST" name="quit" finished-at="2024-10-07T13:28:08 IST" duration-ms="2015" status="PASS">
          <reporter-output>
          </reporter-output>
        </test-method> <!-- quit -->
      </class> <!-- seleniumproject1.selenium1.TestCase1 -->
      <class name="seleniumproject1.selenium1.TestCase2">
        <test-method is-config="true" signature="launch()[pri:0, instance:seleniumproject1.selenium1.TestCase2@41a0aa7d]" started-at="2024-10-07T13:28:08 IST" name="launch" finished-at="2024-10-07T13:28:14 IST" duration-ms="6273" status="PASS">
          <reporter-output>
          </reporter-output>
        </test-method> <!-- launch -->
        <test-method signature="login_to_amazon()[pri:0, instance:seleniumproject1.selenium1.TestCase2@41a0aa7d]" started-at="2024-10-07T13:28:14 IST" name="login_to_amazon" finished-at="2024-10-07T13:28:27 IST" duration-ms="13151" status="PASS">
          <reporter-output>
          </reporter-output>
        </test-method> <!-- login_to_amazon -->
        <test-method is-config="true" signature="quit()[pri:0, instance:seleniumproject1.selenium1.TestCase2@41a0aa7d]" started-at="2024-10-07T13:28:27 IST" name="quit" finished-at="2024-10-07T13:28:29 IST" duration-ms="2014" status="PASS">
          <reporter-output>
          </reporter-output>
        </test-method> <!-- quit -->
      </class> <!-- seleniumproject1.selenium1.TestCase2 -->
    </test> <!-- Test -->
  </suite> <!-- Suite -->
</testng-results>
